<?xml version="1.0" encoding="UTF-8"?>
<testng-results skipped="0" failed="0" ignored="0" total="1" passed="1">
  <reporter-output>
  </reporter-output>
  <suite name="Default suite" duration-ms="54736" started-at="2019-01-22T09:10:47Z" finished-at="2019-01-22T09:11:41Z">
    <groups>
    </groups>
    <test name="Default test" duration-ms="54736" started-at="2019-01-22T09:10:47Z" finished-at="2019-01-22T09:11:41Z">
      <class name="com.appium.tests.AppiumTests">
        <test-method status="PASS" signature="setUp()[pri:0, instance:com.appium.tests.AppiumTests@10bdf5e5]" name="setUp" is-config="true" duration-ms="28097" started-at="2019-01-22T09:10:47Z" finished-at="2019-01-22T09:11:15Z">
          <reporter-output>
          </reporter-output>
        </test-method> <!-- setUp -->
        <test-method status="PASS" signature="testcases()[pri:0, instance:com.appium.tests.AppiumTests@10bdf5e5]" name="testcases" duration-ms="26619" started-at="2019-01-22T09:11:15Z" finished-at="2019-01-22T09:11:41Z">
          <reporter-output>
          </reporter-output>
        </test-method> <!-- testcases -->
      </class> <!-- com.appium.tests.AppiumTests -->
    </test> <!-- Default test -->
  </suite> <!-- Default suite -->
</testng-results>
